<?xml version="1.0" encoding="UTF-8"?>

<mule xmlns:xsi="http://www.w3.org/2001/XMLSchema-instance"
	xmlns:munit="http://www.mulesoft.org/schema/mule/munit" xmlns:munit-tools="http://www.mulesoft.org/schema/mule/munit-tools"
	xmlns="http://www.mulesoft.org/schema/mule/core" xmlns:doc="http://www.mulesoft.org/schema/mule/documentation"
	xsi:schemaLocation="
		http://www.mulesoft.org/schema/mule/core http://www.mulesoft.org/schema/mule/core/current/mule.xsd
		http://www.mulesoft.org/schema/mule/munit http://www.mulesoft.org/schema/mule/munit/current/mule-munit.xsd
		http://www.mulesoft.org/schema/mule/munit-tools  http://www.mulesoft.org/schema/mule/munit-tools/current/mule-munit-tools.xsd">
	<munit:config name="test-mule-iam-config-test-suite.xml" />
	<munit:test name="test-mule-iam-config-test-suite-getSecretFlowTest" doc:id="94e4918a-ab12-4028-994c-ca13aa9ea8e0" description="Test">
		<munit:behavior >
			<munit-tools:mock-when doc:name="Mock when" doc:id="ca398d6c-c093-4ba8-a0de-607eaec88419" processor="vault:get-secret" >
				<munit-tools:with-attributes >
					<munit-tools:with-attribute whereValue="secret/data/test/mysecret" attributeName="path" />
				</munit-tools:with-attributes>
				<munit-tools:then-return >
					<munit-tools:payload value='#[{&#10;    "request_id": "69411f4b-fb02-171a-f66c-485f106e7f5c",&#10;    "lease_id": "",&#10;    "renewable": false,&#10;    "lease_duration": 0,&#10;    "data": {&#10;        "data": {&#10;            "att1": "test_value1",&#10;            "att2": "test_value2"&#10;        },&#10;        "metadata": {&#10;            "created_time": "2019-04-24T23:03:18.63231658Z",&#10;            "deletion_time": "",&#10;            "destroyed": false,&#10;            "version": 1&#10;        }&#10;    },&#10;    "wrap_info": null,&#10;    "warnings": null,&#10;    "auth": null&#10;}]' />
				</munit-tools:then-return>
			</munit-tools:mock-when>
		</munit:behavior>
		<munit:execution >
			<flow-ref doc:name="Flow-ref to getSecretFlow-iam" doc:id="e0670a83-85e8-423a-ac3e-473b108012b1" name="getSecretFlow-iam"/>
		</munit:execution>
		<munit:validation >
			<munit-tools:assert-that doc:name="Assert that" doc:id="c7bb65ee-a85d-4279-aae1-03b875e5d94a" expression="#[write(payload, 'application/json')]" is="#[MunitTools::containsString('test_value1')]" />
		</munit:validation>
	</munit:test>

</mule>
